{"C:\\Users\\priyanka.sh\\Downloads\\Utility-dashboard1\\src\\components\\FacilityCard\\FacilityCard.tsx": {"path":"C:\\Users\\priyanka.sh\\Downloads\\Utility-dashboard1\\src\\components\\FacilityCard\\FacilityCard.tsx","statementMap":{"0":{"start":{"line":1,"column":0},"end":{"line":1,"column":51}},"1":{"start":{"line":2,"column":0},"end":{"line":2,"column":35}},"2":{"start":{"line":3,"column":0},"end":{"line":3,"column":72}},"3":{"start":{"line":4,"column":0},"end":{"line":4,"column":25}},"4":{"start":{"line":12,"column":21},"end":{"line":201,"column":1}},"5":{"start":{"line":14,"column":19},"end":{"line":14,"column":54}},"6":{"start":{"line":16,"column":42},"end":{"line":16,"column":61}},"7":{"start":{"line":17,"column":36},"end":{"line":17,"column":67}},"8":{"start":{"line":19,"column":2},"end":{"line":48,"column":null}},"9":{"start":{"line":20,"column":30},"end":{"line":45,"column":5}},"10":{"start":{"line":21,"column":6},"end":{"line":44,"column":7}},"11":{"start":{"line":22,"column":25},"end":{"line":23,"column":null}},"12":{"start":{"line":27,"column":10},"end":{"line":27,"column":56}},"13":{"start":{"line":29,"column":8},"end":{"line":29,"column":null}},"14":{"start":{"line":31,"column":35},"end":{"line":38,"column":11}},"15":{"start":{"line":31,"column":83},"end":{"line":38,"column":10}},"16":{"start":{"line":40,"column":8},"end":{"line":40,"column":null}},"17":{"start":{"line":43,"column":8},"end":{"line":43,"column":null}},"18":{"start":{"line":47,"column":4},"end":{"line":47,"column":null}},"19":{"start":{"line":50,"column":2},"end":{"line":128,"column":null}},"20":{"start":{"line":52,"column":4},"end":{"line":52,"column":59}},"21":{"start":{"line":52,"column":53},"end":{"line":52,"column":59}},"22":{"start":{"line":54,"column":19},"end":{"line":54,"column":52}},"23":{"start":{"line":54,"column":41},"end":{"line":54,"column":51}},"24":{"start":{"line":55,"column":19},"end":{"line":55,"column":53}},"25":{"start":{"line":55,"column":41},"end":{"line":55,"column":52}},"26":{"start":{"line":56,"column":21},"end":{"line":56,"column":57}},"27":{"start":{"line":56,"column":43},"end":{"line":56,"column":56}},"28":{"start":{"line":58,"column":18},"end":{"line":124,"column":6}},"29":{"start":{"line":126,"column":4},"end":{"line":126,"column":null}},"30":{"start":{"line":126,"column":17},"end":{"line":126,"column":32}},"31":{"start":{"line":130,"column":2},"end":{"line":130,"column":null}},"32":{"start":{"line":130,"column":21},"end":{"line":130,"column":null}},"33":{"start":{"line":132,"column":2},"end":{"line":200,"column":null}},"34":{"start":{"line":203,"column":0},"end":{"line":203,"column":null}}},"fnMap":{"0":{"name":"(anonymous_1)","decl":{"start":{"line":12,"column":21},"end":{"line":12,"column":24}},"loc":{"start":{"line":12,"column":26},"end":{"line":201,"column":1}}},"1":{"name":"(anonymous_2)","decl":{"start":{"line":19,"column":12},"end":{"line":19,"column":15}},"loc":{"start":{"line":19,"column":17},"end":{"line":48,"column":3}}},"2":{"name":"(anonymous_3)","decl":{"start":{"line":20,"column":30},"end":{"line":20,"column":35}},"loc":{"start":{"line":20,"column":41},"end":{"line":45,"column":5}}},"3":{"name":"(anonymous_4)","decl":{"start":{"line":31,"column":70},"end":{"line":31,"column":71}},"loc":{"start":{"line":31,"column":83},"end":{"line":38,"column":10}}},"4":{"name":"(anonymous_5)","decl":{"start":{"line":50,"column":12},"end":{"line":50,"column":15}},"loc":{"start":{"line":50,"column":17},"end":{"line":128,"column":3}}},"5":{"name":"(anonymous_6)","decl":{"start":{"line":54,"column":33},"end":{"line":54,"column":37}},"loc":{"start":{"line":54,"column":41},"end":{"line":54,"column":51}}},"6":{"name":"(anonymous_7)","decl":{"start":{"line":55,"column":33},"end":{"line":55,"column":37}},"loc":{"start":{"line":55,"column":41},"end":{"line":55,"column":52}}},"7":{"name":"(anonymous_8)","decl":{"start":{"line":56,"column":35},"end":{"line":56,"column":39}},"loc":{"start":{"line":56,"column":43},"end":{"line":56,"column":56}}},"8":{"name":"(anonymous_9)","decl":{"start":{"line":126,"column":11},"end":{"line":126,"column":14}},"loc":{"start":{"line":126,"column":17},"end":{"line":126,"column":32}}}},"branchMap":{"0":{"loc":{"start":{"line":52,"column":4},"end":{"line":52,"column":59}},"type":"if","locations":[{"start":{"line":52,"column":4},"end":{"line":52,"column":59}}]},"1":{"loc":{"start":{"line":52,"column":8},"end":{"line":52,"column":51}},"type":"binary-expr","locations":[{"start":{"line":52,"column":8},"end":{"line":52,"column":25}},{"start":{"line":52,"column":29},"end":{"line":52,"column":51}}]},"2":{"loc":{"start":{"line":130,"column":2},"end":{"line":130,"column":null}},"type":"if","locations":[{"start":{"line":130,"column":2},"end":{"line":130,"column":null}}]}},"s":{"0":1,"1":1,"2":1,"3":1,"4":1,"5":2,"6":2,"7":2,"8":2,"9":1,"10":1,"11":1,"12":1,"13":1,"14":1,"15":1,"16":1,"17":0,"18":1,"19":2,"20":2,"21":1,"22":1,"23":1,"24":1,"25":1,"26":1,"27":1,"28":1,"29":1,"30":1,"31":2,"32":1,"33":1,"34":1},"f":{"0":2,"1":1,"2":1,"3":1,"4":2,"5":1,"6":1,"7":1,"8":1},"b":{"0":[1],"1":[2,1],"2":[1]}}
,"C:\\Users\\priyanka.sh\\Downloads\\Utility-dashboard1\\src\\components\\MeterTable\\MeterTable.tsx": {"path":"C:\\Users\\priyanka.sh\\Downloads\\Utility-dashboard1\\src\\components\\MeterTable\\MeterTable.tsx","statementMap":{"0":{"start":{"line":1,"column":0},"end":{"line":1,"column":null}},"1":{"start":{"line":12,"column":0},"end":{"line":12,"column":43}},"2":{"start":{"line":13,"column":0},"end":{"line":13,"column":25}},"3":{"start":{"line":15,"column":16},"end":{"line":15,"column":76}},"4":{"start":{"line":17,"column":19},"end":{"line":72,"column":1}},"5":{"start":{"line":19,"column":30},"end":{"line":19,"column":51}},"6":{"start":{"line":21,"column":2},"end":{"line":32,"column":null}},"7":{"start":{"line":22,"column":24},"end":{"line":29,"column":5}},"8":{"start":{"line":23,"column":23},"end":{"line":23,"column":47}},"9":{"start":{"line":26,"column":8},"end":{"line":26,"column":68}},"10":{"start":{"line":28,"column":6},"end":{"line":28,"column":null}},"11":{"start":{"line":31,"column":4},"end":{"line":31,"column":null}},"12":{"start":{"line":34,"column":2},"end":{"line":71,"column":null}},"13":{"start":{"line":53,"column":12},"end":{"line":53,"column":null}},"14":{"start":{"line":74,"column":0},"end":{"line":74,"column":null}}},"fnMap":{"0":{"name":"(anonymous_1)","decl":{"start":{"line":17,"column":19},"end":{"line":17,"column":22}},"loc":{"start":{"line":17,"column":24},"end":{"line":72,"column":1}}},"1":{"name":"(anonymous_2)","decl":{"start":{"line":21,"column":12},"end":{"line":21,"column":15}},"loc":{"start":{"line":21,"column":17},"end":{"line":32,"column":3}}},"2":{"name":"(anonymous_3)","decl":{"start":{"line":22,"column":24},"end":{"line":22,"column":29}},"loc":{"start":{"line":22,"column":35},"end":{"line":29,"column":5}}},"3":{"name":"(anonymous_4)","decl":{"start":{"line":52,"column":22},"end":{"line":52,"column":23}},"loc":{"start":{"line":53,"column":12},"end":{"line":53,"column":null}}}},"branchMap":{},"s":{"0":1,"1":1,"2":1,"3":1,"4":1,"5":2,"6":2,"7":1,"8":1,"9":1,"10":1,"11":1,"12":2,"13":2,"14":1},"f":{"0":2,"1":1,"2":1,"3":2},"b":{}}
}
