{"C:\\Users\\priyanka.sh\\Downloads\\Utility-dashboard1\\src\\components\\FacilityCard\\FacilityCard.tsx": {"path":"C:\\Users\\priyanka.sh\\Downloads\\Utility-dashboard1\\src\\components\\FacilityCard\\FacilityCard.tsx","statementMap":{"0":{"start":{"line":1,"column":0},"end":{"line":1,"column":51}},"1":{"start":{"line":2,"column":0},"end":{"line":2,"column":35}},"2":{"start":{"line":3,"column":0},"end":{"line":3,"column":72}},"3":{"start":{"line":4,"column":0},"end":{"line":4,"column":25}},"4":{"start":{"line":10,"column":21},"end":{"line":166,"column":1}},"5":{"start":{"line":11,"column":19},"end":{"line":11,"column":54}},"6":{"start":{"line":12,"column":42},"end":{"line":12,"column":61}},"7":{"start":{"line":13,"column":36},"end":{"line":13,"column":67}},"8":{"start":{"line":14,"column":2},"end":{"line":38,"column":null}},"9":{"start":{"line":15,"column":30},"end":{"line":36,"column":5}},"10":{"start":{"line":16,"column":6},"end":{"line":35,"column":7}},"11":{"start":{"line":17,"column":25},"end":{"line":18,"column":null}},"12":{"start":{"line":20,"column":8},"end":{"line":20,"column":null}},"13":{"start":{"line":22,"column":10},"end":{"line":22,"column":56}},"14":{"start":{"line":23,"column":8},"end":{"line":23,"column":null}},"15":{"start":{"line":24,"column":35},"end":{"line":31,"column":11}},"16":{"start":{"line":24,"column":83},"end":{"line":31,"column":10}},"17":{"start":{"line":32,"column":8},"end":{"line":32,"column":null}},"18":{"start":{"line":34,"column":8},"end":{"line":34,"column":null}},"19":{"start":{"line":37,"column":4},"end":{"line":37,"column":null}},"20":{"start":{"line":39,"column":2},"end":{"line":106,"column":null}},"21":{"start":{"line":40,"column":4},"end":{"line":40,"column":59}},"22":{"start":{"line":40,"column":53},"end":{"line":40,"column":59}},"23":{"start":{"line":41,"column":19},"end":{"line":41,"column":52}},"24":{"start":{"line":41,"column":41},"end":{"line":41,"column":51}},"25":{"start":{"line":42,"column":19},"end":{"line":42,"column":53}},"26":{"start":{"line":42,"column":41},"end":{"line":42,"column":52}},"27":{"start":{"line":43,"column":21},"end":{"line":43,"column":57}},"28":{"start":{"line":43,"column":43},"end":{"line":43,"column":56}},"29":{"start":{"line":44,"column":18},"end":{"line":104,"column":6}},"30":{"start":{"line":105,"column":4},"end":{"line":105,"column":null}},"31":{"start":{"line":105,"column":17},"end":{"line":105,"column":32}},"32":{"start":{"line":107,"column":2},"end":{"line":107,"column":null}},"33":{"start":{"line":107,"column":21},"end":{"line":107,"column":null}},"34":{"start":{"line":108,"column":2},"end":{"line":165,"column":null}},"35":{"start":{"line":167,"column":0},"end":{"line":167,"column":null}}},"fnMap":{"0":{"name":"(anonymous_1)","decl":{"start":{"line":10,"column":21},"end":{"line":10,"column":24}},"loc":{"start":{"line":10,"column":26},"end":{"line":166,"column":1}}},"1":{"name":"(anonymous_2)","decl":{"start":{"line":14,"column":12},"end":{"line":14,"column":15}},"loc":{"start":{"line":14,"column":17},"end":{"line":38,"column":3}}},"2":{"name":"(anonymous_3)","decl":{"start":{"line":15,"column":30},"end":{"line":15,"column":35}},"loc":{"start":{"line":15,"column":41},"end":{"line":36,"column":5}}},"3":{"name":"(anonymous_4)","decl":{"start":{"line":24,"column":70},"end":{"line":24,"column":71}},"loc":{"start":{"line":24,"column":83},"end":{"line":31,"column":10}}},"4":{"name":"(anonymous_5)","decl":{"start":{"line":39,"column":12},"end":{"line":39,"column":15}},"loc":{"start":{"line":39,"column":17},"end":{"line":106,"column":3}}},"5":{"name":"(anonymous_6)","decl":{"start":{"line":41,"column":33},"end":{"line":41,"column":37}},"loc":{"start":{"line":41,"column":41},"end":{"line":41,"column":51}}},"6":{"name":"(anonymous_7)","decl":{"start":{"line":42,"column":33},"end":{"line":42,"column":37}},"loc":{"start":{"line":42,"column":41},"end":{"line":42,"column":52}}},"7":{"name":"(anonymous_8)","decl":{"start":{"line":43,"column":35},"end":{"line":43,"column":39}},"loc":{"start":{"line":43,"column":43},"end":{"line":43,"column":56}}},"8":{"name":"(anonymous_9)","decl":{"start":{"line":105,"column":11},"end":{"line":105,"column":14}},"loc":{"start":{"line":105,"column":17},"end":{"line":105,"column":32}}}},"branchMap":{"0":{"loc":{"start":{"line":40,"column":4},"end":{"line":40,"column":59}},"type":"if","locations":[{"start":{"line":40,"column":4},"end":{"line":40,"column":59}}]},"1":{"loc":{"start":{"line":40,"column":8},"end":{"line":40,"column":51}},"type":"binary-expr","locations":[{"start":{"line":40,"column":8},"end":{"line":40,"column":25}},{"start":{"line":40,"column":29},"end":{"line":40,"column":51}}]},"2":{"loc":{"start":{"line":107,"column":2},"end":{"line":107,"column":null}},"type":"if","locations":[{"start":{"line":107,"column":2},"end":{"line":107,"column":null}}]}},"s":{"0":1,"1":1,"2":1,"3":1,"4":1,"5":3,"6":3,"7":3,"8":3,"9":2,"10":2,"11":2,"12":1,"13":1,"14":1,"15":1,"16":2,"17":1,"18":1,"19":2,"20":3,"21":3,"22":2,"23":1,"24":2,"25":1,"26":2,"27":1,"28":2,"29":1,"30":1,"31":1,"32":3,"33":2,"34":1,"35":1},"f":{"0":3,"1":2,"2":2,"3":2,"4":3,"5":2,"6":2,"7":2,"8":1},"b":{"0":[2],"1":[3,1],"2":[2]}}
,"C:\\Users\\priyanka.sh\\Downloads\\Utility-dashboard1\\src\\components\\MeterTable\\MeterTable.tsx": {"path":"C:\\Users\\priyanka.sh\\Downloads\\Utility-dashboard1\\src\\components\\MeterTable\\MeterTable.tsx","statementMap":{"0":{"start":{"line":1,"column":0},"end":{"line":1,"column":null}},"1":{"start":{"line":12,"column":0},"end":{"line":12,"column":43}},"2":{"start":{"line":13,"column":0},"end":{"line":13,"column":25}},"3":{"start":{"line":15,"column":16},"end":{"line":15,"column":76}},"4":{"start":{"line":16,"column":19},"end":{"line":83,"column":1}},"5":{"start":{"line":17,"column":30},"end":{"line":17,"column":51}},"6":{"start":{"line":18,"column":32},"end":{"line":18,"column":46}},"7":{"start":{"line":19,"column":26},"end":{"line":19,"column":41}},"8":{"start":{"line":20,"column":2},"end":{"line":38,"column":null}},"9":{"start":{"line":21,"column":24},"end":{"line":36,"column":5}},"10":{"start":{"line":23,"column":8},"end":{"line":35,"column":7}},"11":{"start":{"line":24,"column":23},"end":{"line":24,"column":47}},"12":{"start":{"line":26,"column":8},"end":{"line":26,"column":68}},"13":{"start":{"line":27,"column":6},"end":{"line":27,"column":null}},"14":{"start":{"line":29,"column":6},"end":{"line":29,"column":null}},"15":{"start":{"line":31,"column":8},"end":{"line":31,"column":null}},"16":{"start":{"line":32,"column":8},"end":{"line":32,"column":null}},"17":{"start":{"line":34,"column":8},"end":{"line":34,"column":null}},"18":{"start":{"line":37,"column":4},"end":{"line":37,"column":null}},"19":{"start":{"line":40,"column":2},"end":{"line":42,"column":3}},"20":{"start":{"line":41,"column":4},"end":{"line":41,"column":null}},"21":{"start":{"line":45,"column":2},"end":{"line":47,"column":3}},"22":{"start":{"line":46,"column":4},"end":{"line":46,"column":null}},"23":{"start":{"line":48,"column":2},"end":{"line":82,"column":null}},"24":{"start":{"line":65,"column":12},"end":{"line":65,"column":null}},"25":{"start":{"line":84,"column":0},"end":{"line":84,"column":null}}},"fnMap":{"0":{"name":"(anonymous_1)","decl":{"start":{"line":16,"column":19},"end":{"line":16,"column":22}},"loc":{"start":{"line":16,"column":24},"end":{"line":83,"column":1}}},"1":{"name":"(anonymous_2)","decl":{"start":{"line":20,"column":12},"end":{"line":20,"column":15}},"loc":{"start":{"line":20,"column":17},"end":{"line":38,"column":3}}},"2":{"name":"(anonymous_3)","decl":{"start":{"line":21,"column":24},"end":{"line":21,"column":29}},"loc":{"start":{"line":21,"column":35},"end":{"line":36,"column":5}}},"3":{"name":"(anonymous_4)","decl":{"start":{"line":64,"column":22},"end":{"line":64,"column":23}},"loc":{"start":{"line":65,"column":12},"end":{"line":65,"column":null}}}},"branchMap":{"0":{"loc":{"start":{"line":40,"column":2},"end":{"line":42,"column":3}},"type":"if","locations":[{"start":{"line":40,"column":2},"end":{"line":42,"column":3}}]},"1":{"loc":{"start":{"line":45,"column":2},"end":{"line":47,"column":3}},"type":"if","locations":[{"start":{"line":45,"column":2},"end":{"line":47,"column":3}}]}},"s":{"0":1,"1":1,"2":1,"3":1,"4":1,"5":4,"6":4,"7":4,"8":4,"9":2,"10":2,"11":2,"12":1,"13":1,"14":1,"15":1,"16":1,"17":2,"18":2,"19":4,"20":2,"21":2,"22":1,"23":1,"24":2,"25":1},"f":{"0":4,"1":2,"2":2,"3":2},"b":{"0":[2],"1":[1]}}
}
