TN:
SF:src\components\FacilityCard\FacilityCard.tsx
FN:10,(anonymous_1)
FN:14,(anonymous_2)
FN:15,(anonymous_3)
FN:23,(anonymous_4)
FN:38,(anonymous_5)
FN:40,(anonymous_6)
FN:41,(anonymous_7)
FN:42,(anonymous_8)
FN:104,(anonymous_9)
FNF:9
FNH:9
FNDA:3,(anonymous_1)
FNDA:2,(anonymous_2)
FNDA:2,(anonymous_3)
FNDA:1,(anonymous_4)
FNDA:3,(anonymous_5)
FNDA:1,(anonymous_6)
FNDA:1,(anonymous_7)
FNDA:1,(anonymous_8)
FNDA:1,(anonymous_9)
DA:1,1
DA:2,1
DA:3,1
DA:4,1
DA:10,1
DA:11,3
DA:12,3
DA:13,3
DA:14,3
DA:15,2
DA:16,2
DA:17,2
DA:21,1
DA:22,1
DA:23,1
DA:31,1
DA:33,1
DA:36,2
DA:38,3
DA:39,3
DA:40,1
DA:41,1
DA:42,1
DA:43,1
DA:104,1
DA:106,3
DA:107,1
DA:166,1
LF:28
LH:28
BRDA:39,0,0,2
BRDA:39,1,0,3
BRDA:39,1,1,1
BRDA:106,2,0,2
BRF:4
BRH:4
end_of_record
TN:
SF:src\components\MeterTable\MeterTable.tsx
FN:15,(anonymous_1)
FN:17,(anonymous_2)
FN:18,(anonymous_3)
FN:42,(anonymous_4)
FNF:4
FNH:4
FNDA:2,(anonymous_1)
FNDA:1,(anonymous_2)
FNDA:1,(anonymous_3)
FNDA:2,(anonymous_4)
DA:1,1
DA:12,1
DA:13,1
DA:14,1
DA:15,1
DA:16,2
DA:17,2
DA:18,1
DA:19,1
DA:21,1
DA:22,1
DA:24,1
DA:26,2
DA:43,2
DA:62,1
LF:15
LH:15
BRF:0
BRH:0
end_of_record
