TN:
SF:src\components\FacilityCard\FacilityCard.tsx
FN:19,(anonymous_1)
FN:26,(anonymous_2)
FN:27,(anonymous_3)
FN:40,(anonymous_4)
FN:59,(anonymous_5)
FN:62,(anonymous_6)
FN:63,(anonymous_7)
FN:64,(anonymous_8)
FN:134,(anonymous_9)
FNF:9
FNH:9
FNDA:1,(anonymous_1)
FNDA:1,(anonymous_2)
FNDA:1,(anonymous_3)
FNDA:1,(anonymous_4)
FNDA:1,(anonymous_5)
FNDA:1,(anonymous_6)
FNDA:1,(anonymous_7)
FNDA:1,(anonymous_8)
FNDA:1,(anonymous_9)
DA:1,1
DA:2,1
DA:3,1
DA:5,1
DA:19,1
DA:20,1
DA:22,1
DA:23,1
DA:26,1
DA:27,1
DA:28,1
DA:29,1
DA:33,1
DA:36,1
DA:38,1
DA:40,1
DA:49,1
DA:51,0
DA:55,1
DA:59,1
DA:60,1
DA:62,1
DA:63,1
DA:64,1
DA:66,1
DA:134,1
DA:135,1
DA:136,1
DA:141,1
DA:211,1
LF:30
LH:29
BRDA:19,0,0,0
BRDA:60,1,0,0
BRDA:60,2,0,1
BRDA:60,2,1,1
BRDA:135,3,0,1
BRF:5
BRH:3
end_of_record
TN:
SF:src\components\MeterTable\MeterTable.tsx
FN:17,(anonymous_1)
FN:21,(anonymous_2)
FN:22,(anonymous_3)
FN:52,(anonymous_4)
FNF:4
FNH:4
FNDA:2,(anonymous_1)
FNDA:1,(anonymous_2)
FNDA:1,(anonymous_3)
FNDA:2,(anonymous_4)
DA:1,1
DA:12,1
DA:13,1
DA:15,1
DA:17,1
DA:19,2
DA:21,2
DA:22,1
DA:23,1
DA:26,1
DA:28,1
DA:31,1
DA:34,2
DA:53,2
DA:74,1
LF:15
LH:15
BRF:0
BRH:0
end_of_record
